<?xml version="1.0" encoding="UTF-8"?>
<!-- Generated by org.testng.reporters.JUnitReportReporter -->
<testsuite skipped="0" hostname="ngw9-PC" name="com.niuguwang.cases.casetest" tests="2" failures="0" timestamp="02 三月 2018 07:43:29 GMT" time="92.079" errors="0">
  <testcase name="login" time="45.013" classname="com.niuguwang.cases.casetest"/>
  <testcase name="loginpasserror" time="47.066" classname="com.niuguwang.cases.casetest"/>
</testsuite> <!-- com.niuguwang.cases.casetest -->
