<?xml version="1.0" encoding="UTF-8"?>
<!-- Generated by org.testng.reporters.JUnitReportReporter -->
<testsuite skipped="0" hostname="ngw9-PC" name="com.niuguwang.demo.Testpriority" tests="3" failures="0" timestamp="11 一月 2018 07:52:38 GMT" time="0.019" errors="0">
  <testcase name="two" time="0.016" classname="com.niuguwang.demo.Testpriority"/>
  <testcase name="wne" time="0.001" classname="com.niuguwang.demo.Testpriority"/>
  <testcase name="three" time="0.002" classname="com.niuguwang.demo.Testpriority"/>
</testsuite> <!-- com.niuguwang.demo.Testpriority -->
